{"name": "Verify new employee +button is visible in search with new PersonId -- @1.1 ", "status": "broken", "statusDetails": {"message": "selenium.common.exceptions.TimeoutException: Message: \n            failed while waiting 5 seconds\n            to assert Visible\n            for first_by('xpath', \"//h4[normalize-space()='Employee Information']\")\n\n            reason: NoSuchElementException: Message: no such element: Unable to locate element: {\"method\":\"xpath\",\"selector\":\"//h4[normalize-space()='Employee Information']\"}\n  (Session info: chrome=129.0.6668.71)\nStacktrace:\n\tGetHandleVerifier [0x00D06AB3+25587]\n\t(No symbol) [0x00C99C54]\n\t(No symbol) [0x00B92113]\n\t(No symbol) [0x00BD6F62]\n\t(No symbol) [0x00BD71AB]\n\t(No symbol) [0x00C17852]\n\t(No symbol) [0x00BFABE4]\n\t(No symbol) [0x00C15370]\n\t(No symbol) [0x00BFA936]\n\t(No symbol) [0x00BCBA73]\n\t(No symbol) [0x00BCC4CD]\n\tGetHandleVerifier [0x00FE4C63+3032483]\n\tGetHandleVerifier [0x01036B99+3368153]\n\tGetHandleVerifier [0x00D98F62+624802]\n\tGetHandleVerifier [0x00DA07DC+655644]\n\t(No symbol) [0x00CA260D]\n\t(No symbol) [0x00C9F6D8]\n\t(No symbol) [0x00C9F875]\n\t(No symbol) [0x00C91CA6]\n\tBaseThreadInitThunk [0x75247BA9+25]\n\tRtlInitializeExceptionChain [0x7736C11B+107]\n\tRtlClearBits [0x7736C09F+191]\n\nStacktrace:\n\tGetHandleVerifier [0x00D06AB3+25587]\n\t(No symbol) [0x00C99C54]\n\t(No symbol) [0x00B92113]\n\t(No symbol) [0x00BD6F62]\n\t(No symbol) [0x00BD71AB]\n\t(No symbol) [0x00C17852]\n\t(No symbol) [0x00BFABE4]\n\t(No symbol) [0x00C15370]\n\t(No symbol) [0x00BFA936]\n\t(No symbol) [0x00BCBA73]\n\t(No symbol) [0x00BCC4CD]\n\tGetHandleVerifier [0x00FE4C63+3032483]\n\tGetHandleVerifier [0x01036B99+3368153]\n\tGetHandleVerifier [0x00D98F62+624802]\n\tGetHandleVerifier [0x00DA07DC+655644]\n\t(No symbol) [0x00CA260D]\n\t(No symbol) [0x00C9F6D8]\n\t(No symbol) [0x00C9F875]\n\t(No symbol) [0x00C91CA6]\n\tBaseThreadInitThunk [0x75247BA9+25]\n\tRtlInitializeExceptionChain [0x7736C11B+107]\n\tRtlClearBits [0x7736C09F+191]\n\n", "trace": "  File \"C:\\Python-Selenium\\Python_SeleniumBDD\\Python_Selenium\\venv1\\Lib\\site-packages\\behave\\model.py\", line 1329, in run\n    match.run(runner.context)\n  File \"C:\\Python-Selenium\\Python_SeleniumBDD\\Python_Selenium\\venv1\\Lib\\site-packages\\behave\\matchers.py\", line 98, in run\n    self.func(context, *args, **kwargs)\n  File \"features\\testing\\steps\\search_feature.py\", line 34, in stem_impl\n    assert context.employee_searchOBJ.is_employee_information_popup_visible()\n           ^^^^^^^^^^^^^^^^^^^^^^^^^^^^^^^^^^^^^^^^^^^^^^^^^^^^^^^^^^^^^^^^^^\n  File \"C:\\Python-Selenium\\Python_SeleniumBDD\\Python_Selenium\\pages\\employee_search.py\", line 78, in is_employee_information_popup_visible\n    self.popup_title.should_wait_till(Visible(5))\n  File \"C:\\Python-Selenium\\Python_SeleniumBDD\\Python_Selenium\\core\\element.py\", line 56, in should_wait_till\n    condition.wait_till(self)\n  File \"C:\\Python-Selenium\\Python_SeleniumBDD\\Python_Selenium\\core\\condition\\visible.py\", line 13, in wait_till\n    wait_for(el, be.visible, self.timeout, 1)\n  File \"C:\\Python-Selenium\\Python_SeleniumBDD\\Python_Selenium\\venv1\\Lib\\site-packages\\selene\\wait.py\", line 50, in wait_for\n    raise TimeoutException('''\n"}, "steps": [{"name": "Given : Navigate to Home page", "status": "passed", "start": 1727306410428, "stop": 1727306412615}, {"name": "And last PersonId digit option is selected from dropdown", "status": "passed", "start": 1727306412615, "stop": 1727306414550}, {"name": "And Enter the personId   24241221", "status": "passed", "start": 1727306414550, "stop": 1727306415062}, {"name": "When user click on add employee button", "status": "passed", "start": 1727306415062, "stop": 1727306419449}, {"name": "Then employee information popup should open", "status": "broken", "statusDetails": {"message": "selenium.common.exceptions.TimeoutException: Message: \n            failed while waiting 5 seconds\n            to assert Visible\n            for first_by('xpath', \"//h4[normalize-space()='Employee Information']\")\n\n            reason: NoSuchElementException: Message: no such element: Unable to locate element: {\"method\":\"xpath\",\"selector\":\"//h4[normalize-space()='Employee Information']\"}\n  (Session info: chrome=129.0.6668.71)\nStacktrace:\n\tGetHandleVerifier [0x00D06AB3+25587]\n\t(No symbol) [0x00C99C54]\n\t(No symbol) [0x00B92113]\n\t(No symbol) [0x00BD6F62]\n\t(No symbol) [0x00BD71AB]\n\t(No symbol) [0x00C17852]\n\t(No symbol) [0x00BFABE4]\n\t(No symbol) [0x00C15370]\n\t(No symbol) [0x00BFA936]\n\t(No symbol) [0x00BCBA73]\n\t(No symbol) [0x00BCC4CD]\n\tGetHandleVerifier [0x00FE4C63+3032483]\n\tGetHandleVerifier [0x01036B99+3368153]\n\tGetHandleVerifier [0x00D98F62+624802]\n\tGetHandleVerifier [0x00DA07DC+655644]\n\t(No symbol) [0x00CA260D]\n\t(No symbol) [0x00C9F6D8]\n\t(No symbol) [0x00C9F875]\n\t(No symbol) [0x00C91CA6]\n\tBaseThreadInitThunk [0x75247BA9+25]\n\tRtlInitializeExceptionChain [0x7736C11B+107]\n\tRtlClearBits [0x7736C09F+191]\n\nStacktrace:\n\tGetHandleVerifier [0x00D06AB3+25587]\n\t(No symbol) [0x00C99C54]\n\t(No symbol) [0x00B92113]\n\t(No symbol) [0x00BD6F62]\n\t(No symbol) [0x00BD71AB]\n\t(No symbol) [0x00C17852]\n\t(No symbol) [0x00BFABE4]\n\t(No symbol) [0x00C15370]\n\t(No symbol) [0x00BFA936]\n\t(No symbol) [0x00BCBA73]\n\t(No symbol) [0x00BCC4CD]\n\tGetHandleVerifier [0x00FE4C63+3032483]\n\tGetHandleVerifier [0x01036B99+3368153]\n\tGetHandleVerifier [0x00D98F62+624802]\n\tGetHandleVerifier [0x00DA07DC+655644]\n\t(No symbol) [0x00CA260D]\n\t(No symbol) [0x00C9F6D8]\n\t(No symbol) [0x00C9F875]\n\t(No symbol) [0x00C91CA6]\n\tBaseThreadInitThunk [0x75247BA9+25]\n\tRtlInitializeExceptionChain [0x7736C11B+107]\n\tRtlClearBits [0x7736C09F+191]\n\n", "trace": "  File \"C:\\Python-Selenium\\Python_SeleniumBDD\\Python_Selenium\\venv1\\Lib\\site-packages\\behave\\model.py\", line 1329, in run\n    match.run(runner.context)\n  File \"C:\\Python-Selenium\\Python_SeleniumBDD\\Python_Selenium\\venv1\\Lib\\site-packages\\behave\\matchers.py\", line 98, in run\n    self.func(context, *args, **kwargs)\n  File \"features\\testing\\steps\\search_feature.py\", line 34, in stem_impl\n    assert context.employee_searchOBJ.is_employee_information_popup_visible()\n           ^^^^^^^^^^^^^^^^^^^^^^^^^^^^^^^^^^^^^^^^^^^^^^^^^^^^^^^^^^^^^^^^^^\n  File \"C:\\Python-Selenium\\Python_SeleniumBDD\\Python_Selenium\\pages\\employee_search.py\", line 78, in is_employee_information_popup_visible\n    self.popup_title.should_wait_till(Visible(5))\n  File \"C:\\Python-Selenium\\Python_SeleniumBDD\\Python_Selenium\\core\\element.py\", line 56, in should_wait_till\n    condition.wait_till(self)\n  File \"C:\\Python-Selenium\\Python_SeleniumBDD\\Python_Selenium\\core\\condition\\visible.py\", line 13, in wait_till\n    wait_for(el, be.visible, self.timeout, 1)\n  File \"C:\\Python-Selenium\\Python_SeleniumBDD\\Python_Selenium\\venv1\\Lib\\site-packages\\selene\\wait.py\", line 50, in wait_for\n    raise TimeoutException('''\n"}, "start": 1727306419449, "stop": 1727306424545}], "attachments": [{"name": "failure_screenshot", "source": "6fbbea81-8c00-4a55-8ca3-68fd45bbe029-attachment.png", "type": "image/png"}], "parameters": [{"name": "option", "value": "PersonId"}, {"name": "personId", "value": "24241221"}], "start": 1727306410427, "stop": 1727306424704, "uuid": "cd870575-b488-49db-9b91-f05eed852717", "historyId": "15e25dd2b81717dcbf4219c6393633ec", "fullName": "Search Functionality: Verify new employee +button is visible in search with new PersonId", "labels": [{"name": "severity", "value": "normal"}, {"name": "feature", "value": "Search Functionality"}, {"name": "framework", "value": "behave"}, {"name": "language", "value": "cpython3"}]}